[07/Oct/2014 11:00:24] "GET / HTTP/1.1" 200 13355
[07/Oct/2014 11:00:24] "GET /static/js/jquery-1.3.2.min.js HTTP/1.1" 304 0
[07/Oct/2014 11:00:24] "GET /static/css/style.css HTTP/1.1" 304 0
[07/Oct/2014 11:00:24] "GET /static/css/public.css HTTP/1.1" 304 0
[07/Oct/2014 11:00:24] "GET /static/js/sun-tab.js HTTP/1.1" 304 0
[07/Oct/2014 11:00:24] "GET /static/My97DatePicker/WdatePicker.js HTTP/1.1" 304 0
[07/Oct/2014 11:00:24] "GET /static/js/jquery.soChange.js HTTP/1.1" 304 0
[07/Oct/2014 11:00:24] "GET /static/My97DatePicker/skin/WdatePicker.css HTTP/1.1" 304 0
[07/Oct/2014 11:00:24] "GET /static/img/1.jpg HTTP/1.1" 304 0
[07/Oct/2014 11:00:24] "GET /static/img/2.jpg HTTP/1.1" 304 0
[07/Oct/2014 11:00:24] "GET /static/img/3.jpg HTTP/1.1" 304 0
[07/Oct/2014 11:00:24] "GET /static/img/2_s.jpg HTTP/1.1" 304 0
[07/Oct/2014 11:00:24] "GET /static/img/1_s.jpg HTTP/1.1" 304 0
[07/Oct/2014 11:00:24] "GET /static/img/4.jpg HTTP/1.1" 304 0
[07/Oct/2014 11:00:24] "GET /static/img/3_s.jpg HTTP/1.1" 304 0
[07/Oct/2014 11:00:24] "GET /static/img/4_s.jpg HTTP/1.1" 304 0
[07/Oct/2014 11:00:24] "GET /static/img/qilianshan.jpg HTTP/1.1" 304 0
[07/Oct/2014 11:00:24] "GET /static/img/zan.png HTTP/1.1" 304 0
[07/Oct/2014 11:00:24] "GET /static/img/zhuluoji.jpg HTTP/1.1" 304 0
[07/Oct/2014 11:00:24] "GET /static/img/background.png HTTP/1.1" 304 0
[07/Oct/2014 11:00:24] "GET /static/img/itabbg1.png HTTP/1.1" 304 0
[07/Oct/2014 11:00:24] "GET /static/img/logo1.png HTTP/1.1" 304 0
[07/Oct/2014 11:00:24] "GET /static/img/search.png HTTP/1.1" 304 0
[07/Oct/2014 11:00:25] "GET / HTTP/1.1" 200 13355
[07/Oct/2014 11:00:25] "GET /static/css/public.css HTTP/1.1" 304 0
[07/Oct/2014 11:00:25] "GET /static/css/style.css HTTP/1.1" 304 0
[07/Oct/2014 11:00:25] "GET /static/js/jquery-1.3.2.min.js HTTP/1.1" 304 0
[07/Oct/2014 11:00:25] "GET /static/js/sun-tab.js HTTP/1.1" 304 0
[07/Oct/2014 11:00:25] "GET /static/My97DatePicker/WdatePicker.js HTTP/1.1" 304 0
[07/Oct/2014 11:00:25] "GET /static/js/jquery.soChange.js HTTP/1.1" 304 0
[07/Oct/2014 11:00:25] "GET /static/My97DatePicker/skin/WdatePicker.css HTTP/1.1" 304 0
[07/Oct/2014 11:00:25] "GET /static/img/1.jpg HTTP/1.1" 304 0
[07/Oct/2014 11:00:25] "GET /static/img/2.jpg HTTP/1.1" 304 0
[07/Oct/2014 11:00:25] "GET /static/img/3.jpg HTTP/1.1" 304 0
[07/Oct/2014 11:00:25] "GET /static/img/4.jpg HTTP/1.1" 304 0
[07/Oct/2014 11:00:25] "GET /static/img/1_s.jpg HTTP/1.1" 304 0
[07/Oct/2014 11:00:25] "GET /static/img/3_s.jpg HTTP/1.1" 304 0
[07/Oct/2014 11:00:25] "GET /static/img/2_s.jpg HTTP/1.1" 304 0
[07/Oct/2014 11:00:25] "GET /static/img/4_s.jpg HTTP/1.1" 304 0
[07/Oct/2014 11:00:25] "GET /static/img/qilianshan.jpg HTTP/1.1" 304 0
[07/Oct/2014 11:00:25] "GET /static/img/zhuluoji.jpg HTTP/1.1" 304 0
[07/Oct/2014 11:00:25] "GET /static/img/zan.png HTTP/1.1" 304 0
[07/Oct/2014 11:00:25] "GET /static/img/itabbg1.png HTTP/1.1" 304 0
[07/Oct/2014 11:00:25] "GET /static/img/background.png HTTP/1.1" 304 0
[07/Oct/2014 11:00:25] "GET /static/img/logo1.png HTTP/1.1" 304 0
[07/Oct/2014 11:00:25] "GET /static/img/search.png HTTP/1.1" 304 0
[07/Oct/2014 11:00:26] "GET / HTTP/1.1" 200 13355
[07/Oct/2014 11:00:26] "GET /static/css/public.css HTTP/1.1" 304 0
[07/Oct/2014 11:00:26] "GET /static/css/style.css HTTP/1.1" 304 0
[07/Oct/2014 11:00:26] "GET /static/js/jquery-1.3.2.min.js HTTP/1.1" 304 0
[07/Oct/2014 11:00:26] "GET /static/js/sun-tab.js HTTP/1.1" 304 0
[07/Oct/2014 11:00:26] "GET /static/My97DatePicker/WdatePicker.js HTTP/1.1" 304 0
[07/Oct/2014 11:00:26] "GET /static/js/jquery.soChange.js HTTP/1.1" 304 0
[07/Oct/2014 11:00:26] "GET /static/My97DatePicker/skin/WdatePicker.css HTTP/1.1" 304 0
[07/Oct/2014 11:00:26] "GET /static/img/1.jpg HTTP/1.1" 304 0
[07/Oct/2014 11:00:26] "GET /static/img/2.jpg HTTP/1.1" 304 0
[07/Oct/2014 11:00:26] "GET /static/img/3.jpg HTTP/1.1" 304 0
[07/Oct/2014 11:00:26] "GET /static/img/4.jpg HTTP/1.1" 304 0
[07/Oct/2014 11:00:26] "GET /static/img/2_s.jpg HTTP/1.1" 304 0
[07/Oct/2014 11:00:26] "GET /static/img/1_s.jpg HTTP/1.1" 304 0
[07/Oct/2014 11:00:26] "GET /static/img/3_s.jpg HTTP/1.1" 304 0
[07/Oct/2014 11:00:26] "GET /static/img/4_s.jpg HTTP/1.1" 304 0
[07/Oct/2014 11:00:26] "GET /static/img/qilianshan.jpg HTTP/1.1" 304 0
[07/Oct/2014 11:00:26] "GET /static/img/zan.png HTTP/1.1" 304 0
[07/Oct/2014 11:00:26] "GET /static/img/zhuluoji.jpg HTTP/1.1" 304 0
[07/Oct/2014 11:00:26] "GET /static/img/background.png HTTP/1.1" 304 0
[07/Oct/2014 11:00:26] "GET /static/img/itabbg1.png HTTP/1.1" 304 0
[07/Oct/2014 11:00:26] "GET /static/img/logo1.png HTTP/1.1" 304 0
[07/Oct/2014 11:00:26] "GET /static/img/search.png HTTP/1.1" 304 0
[07/Oct/2014 11:00:29] "GET / HTTP/1.1" 200 13355
[07/Oct/2014 11:00:29] "GET /static/css/style.css HTTP/1.1" 304 0
[07/Oct/2014 11:00:29] "GET /static/js/jquery-1.3.2.min.js HTTP/1.1" 304 0
[07/Oct/2014 11:00:29] "GET /static/js/sun-tab.js HTTP/1.1" 304 0
[07/Oct/2014 11:00:29] "GET /static/css/public.css HTTP/1.1" 304 0
[07/Oct/2014 11:00:29] "GET /static/My97DatePicker/WdatePicker.js HTTP/1.1" 304 0
[07/Oct/2014 11:00:29] "GET /static/js/jquery.soChange.js HTTP/1.1" 304 0
[07/Oct/2014 11:00:29] "GET /static/My97DatePicker/skin/WdatePicker.css HTTP/1.1" 304 0
[07/Oct/2014 11:00:29] "GET /static/img/1.jpg HTTP/1.1" 304 0
[07/Oct/2014 11:00:29] "GET /static/img/2.jpg HTTP/1.1" 304 0
[07/Oct/2014 11:00:29] "GET /static/img/3.jpg HTTP/1.1" 304 0
[07/Oct/2014 11:00:29] "GET /static/img/4.jpg HTTP/1.1" 304 0
[07/Oct/2014 11:00:29] "GET /static/img/1_s.jpg HTTP/1.1" 304 0
[07/Oct/2014 11:00:29] "GET /static/img/2_s.jpg HTTP/1.1" 304 0
[07/Oct/2014 11:00:29] "GET /static/img/3_s.jpg HTTP/1.1" 304 0
[07/Oct/2014 11:00:30] "GET /static/img/4_s.jpg HTTP/1.1" 304 0
[07/Oct/2014 11:00:30] "GET /static/img/qilianshan.jpg HTTP/1.1" 304 0
[07/Oct/2014 11:00:30] "GET /static/img/zhuluoji.jpg HTTP/1.1" 304 0
[07/Oct/2014 11:00:30] "GET /static/img/background.png HTTP/1.1" 304 0
[07/Oct/2014 11:00:30] "GET /static/img/zan.png HTTP/1.1" 304 0
[07/Oct/2014 11:00:30] "GET /static/img/itabbg1.png HTTP/1.1" 304 0
[07/Oct/2014 11:00:30] "GET /static/img/logo1.png HTTP/1.1" 304 0
[07/Oct/2014 11:00:30] "GET /static/img/search.png HTTP/1.1" 304 0
